\BOOKMARK [1][-]{section.1}{\376\377\004\020\004\075\004\060\004\073\004\126\004\067\000\040\004\077\004\076\004\105\004\070\004\061\004\076\004\072\000\040\004\067\004\060\004\076\004\072\004\100\004\103\004\063\004\073\004\065\004\075\004\075\004\117}{}% 1
\BOOKMARK [2][-]{subsection.1.1}{\376\377\004\022\004\070\004\064\004\070\000\040\004\077\004\076\004\105\004\070\004\061\004\076\004\072}{section.1}% 2
\BOOKMARK [2][-]{subsection.1.2}{\376\377\004\037\004\126\004\064\004\100\004\060\004\105\004\103\004\075\004\076\004\072\000\040\004\077\004\076\004\105\004\070\004\061\004\076\004\072\000\040\004\062\000\040\004\025\004\036\004\034}{section.1}% 3
\BOOKMARK [2][-]{subsection.1.3}{\376\377\004\037\004\126\004\064\004\100\004\060\004\105\004\103\004\075\004\076\004\072\000\040\004\077\004\076\004\105\004\070\004\061\004\076\004\072\000\040\004\076\004\061\004\107\004\070\004\101\004\073\004\065\004\075\004\075\004\117\000\040\004\067\004\075\004\060\004\107\004\065\004\075\004\075\004\117\000\040\004\104\004\103\004\075\004\072\004\106\004\126\004\127}{section.1}% 4
\BOOKMARK [1][-]{section.2}{\376\377\004\035\004\065\004\073\004\126\004\075\004\126\004\071\004\075\004\126\000\040\004\100\004\126\004\062\004\075\004\117\004\075\004\075\004\117}{}% 5
\BOOKMARK [2][-]{subsection.2.1}{\376\377\004\034\004\065\004\102\004\076\004\064\000\040\004\064\004\126\004\073\004\065\004\075\004\075\004\117\000\040\004\075\004\060\004\062\004\077\004\126\004\073}{section.2}% 6
\BOOKMARK [2][-]{subsection.2.2}{\376\377\004\034\004\065\004\102\004\076\004\064\000\040\004\077\004\100\004\076\004\101\004\102\004\076\004\127\000\040\004\126\004\102\004\065\004\100\004\060\004\106\004\126\004\127}{section.2}% 7
\BOOKMARK [2][-]{subsection.2.3}{\376\377\004\034\004\065\004\102\004\076\004\064\000\040\004\100\004\065\004\073\004\060\004\072\004\101\004\060\004\106\004\126\004\127}{section.2}% 8
\BOOKMARK [2][-]{subsection.2.4}{\376\377\004\034\004\065\004\102\004\076\004\064\000\040\004\035\004\114\004\116\004\102\004\076\004\075\004\060\000\040\000\050\004\074\004\065\004\102\004\076\004\064\000\040\004\064\004\076\004\102\004\070\004\107\004\075\004\070\004\105\000\051}{section.2}% 9
\BOOKMARK [2][-]{subsection.2.5}{\376\377\004\027\004\061\004\126\004\066\004\075\004\126\004\101\004\102\004\114\000\040\004\074\004\065\004\102\004\076\004\064\004\103\000\040\004\035\004\114\004\116\004\102\004\076\004\075\004\060}{section.2}% 10
\BOOKMARK [1][-]{section.3}{\376\377\004\034\004\065\004\102\004\076\004\064\004\070\000\040\004\100\004\076\004\067\004\062\040\031\004\117\004\067\004\060\004\075\004\075\004\117\000\040\004\041\004\033\004\020\004\040}{}% 11
\BOOKMARK [2][-]{subsection.3.1}{\376\377\004\034\004\065\004\102\004\076\004\064\000\040\004\023\004\060\004\103\004\101\004\101\004\060}{section.3}% 12
\BOOKMARK [2][-]{subsection.3.2}{\376\377\004\034\004\065\004\102\004\076\004\064\000\040\004\072\004\062\004\060\004\064\004\100\004\060\004\102\004\075\004\070\004\105\000\040\004\072\004\076\004\100\004\065\004\075\004\126\004\062}{section.3}% 13
\BOOKMARK [2][-]{subsection.3.3}{\376\377\004\036\004\061\004\107\004\070\004\101\004\073\004\065\004\075\004\075\004\117\000\040\004\062\004\070\004\067\004\075\004\060\004\107\004\075\004\070\004\072\004\060\000\040\004\102\004\060\000\040\004\076\004\061\004\065\004\100\004\075\004\065\004\075\004\076\004\127\000\040\004\074\004\060\004\102\004\100\004\070\004\106\004\126}{section.3}% 14
\BOOKMARK [2][-]{subsection.3.4}{\376\377\004\034\004\065\004\102\004\076\004\064\000\040\004\077\004\100\004\076\004\063\004\076\004\075\004\072\004\070}{section.3}% 15
\BOOKMARK [2][-]{subsection.3.5}{\376\377\004\036\004\061\004\103\004\074\004\076\004\062\004\073\004\065\004\075\004\126\004\101\004\102\004\114\000\040\004\101\004\070\004\101\004\102\004\065\004\074\000\040\004\073\004\126\004\075\004\126\004\071\004\075\004\070\004\105\000\040\004\060\004\073\004\063\004\065\004\061\004\100\004\060\004\127\004\107\004\075\004\070\004\105\000\040\004\100\004\126\004\062\004\075\004\117\004\075\004\114}{section.3}% 16
\BOOKMARK [1][-]{section.4}{\376\377\004\006\004\102\004\065\004\100\004\060\004\106\004\126\004\071\004\075\004\126\000\040\004\074\004\065\004\102\004\076\004\064\004\070\000\040\004\064\004\073\004\117\000\040\004\101\004\070\004\101\004\102\004\065\004\074}{}% 17
\BOOKMARK [2][-]{subsection.4.1}{\376\377\004\006\004\102\004\065\004\100\004\060\004\106\004\126\004\071\004\075\004\126\000\040\004\074\004\065\004\102\004\076\004\064\004\070\000\040\004\100\004\076\004\067\004\062\000'\004\117\004\067\004\060\004\075\004\075\004\117\000\040\004\041\004\033\004\020\004\040}{section.4}% 18
\BOOKMARK [3][-]{subsubsection.4.1.1}{\376\377\004\034\004\065\004\102\004\076\004\064\000\040\004\077\004\100\004\076\004\101\004\102\004\076\004\127\000\040\004\126\004\102\004\065\004\100\004\060\004\106\004\126\004\127}{subsection.4.1}% 19
\BOOKMARK [3][-]{subsubsection.4.1.2}{\376\377\004\034\004\065\004\102\004\076\004\064\000\040\004\057\004\072\004\076\004\061\004\126}{subsection.4.1}% 20
\BOOKMARK [3][-]{subsubsection.4.1.3}{\376\377\004\034\004\065\004\102\004\076\004\064\000\040\004\027\004\065\004\071\004\064\004\065\004\073\004\117}{subsection.4.1}% 21
\BOOKMARK [3][-]{subsubsection.4.1.4}{\376\377\004\034\004\060\004\102\004\100\004\070\004\107\004\075\004\060\000\040\004\126\004\075\004\102\004\065\004\100\004\077\004\100\004\065\004\102\004\060\004\106\004\126\004\117\000\040\004\074\004\065\004\102\004\076\004\064\004\126\004\062\000\040\004\057\004\072\004\076\004\061\004\126\000\040\004\126\000\040\004\027\004\065\004\071\004\064\004\065\004\073\004\117}{subsection.4.1}% 22
\BOOKMARK [3][-]{subsubsection.4.1.5}{\376\377\004\036\004\064\004\075\004\076\004\072\004\100\004\076\004\072\004\076\004\062\004\126\000\040\000\050\004\064\004\062\004\076\004\110\004\060\004\100\004\076\004\062\004\126\000\051\000\040\004\126\004\102\004\065\004\100\004\060\004\106\004\126\004\071\004\075\004\126\000\040\004\074\004\065\004\102\004\076\004\064\004\070}{subsection.4.1}% 23
\BOOKMARK [3][-]{subsubsection.4.1.6}{\376\377\004\027\004\061\004\126\004\066\004\075\004\076\004\101\004\102\004\126\000\040\004\101\004\102\004\060\004\106\004\126\004\076\004\075\004\060\004\100\004\075\004\070\004\105\000\040\004\126\004\102\004\065\004\100\004\060\004\106\004\126\004\071\004\075\004\070\004\105\000\040\004\077\004\100\004\076\004\106\004\065\004\101\004\126\004\062\000\040\004\103\000\040\004\062\004\070\004\077\004\060\004\064\004\072\004\103\000\040\004\101\004\070\004\074\004\065\004\102\004\100\004\070\004\107\004\075\004\070\004\105\000\040\004\074\004\060\004\102\004\100\004\070\004\106\004\114}{subsection.4.1}% 24
\BOOKMARK [3][-]{subsubsection.4.1.7}{\376\377\004\034\004\065\004\102\004\076\004\064\000\040\004\062\004\065\004\100\004\105\004\075\004\114\004\076\004\127\000\040\004\100\004\065\004\073\004\060\004\072\004\101\004\060\004\106\004\126\004\127}{subsection.4.1}% 25
\BOOKMARK [3][-]{subsubsection.4.1.8}{\376\377\004\034\004\065\004\102\004\076\004\064\004\070\000\040\004\062\004\060\004\100\004\126\004\060\004\106\004\126\004\071\004\075\004\076\004\063\004\076\000\040\004\102\004\070\004\077\004\103}{subsection.4.1}% 26
\BOOKMARK [2][-]{subsection.4.2}{\376\377\004\034\004\065\004\102\004\076\004\064\004\070\000\040\004\100\004\076\004\067\004\062\040\031\004\117\004\067\004\060\004\075\004\075\004\117\000\040\004\075\004\065\004\073\004\126\004\075\004\126\004\071\004\075\004\070\004\105\000\040\004\101\004\070\004\101\004\102\004\065\004\074}{section.4}% 27
\BOOKMARK [3][-]{subsubsection.4.2.1}{\376\377\004\034\004\065\004\102\004\076\004\064\000\040\004\077\004\100\004\076\004\101\004\102\004\076\004\127\000\040\004\126\004\102\004\065\004\100\004\060\004\106\004\126\004\127}{subsection.4.2}% 28
\BOOKMARK [3][-]{subsubsection.4.2.2}{\376\377\004\034\004\065\004\102\004\076\004\064\000\040\004\035\004\114\004\116\004\102\004\076\004\075\004\060}{subsection.4.2}% 29
\BOOKMARK [3][-]{subsubsection.4.2.3}{\376\377\004\034\004\076\004\064\004\070\004\104\004\126\004\072\004\076\004\062\004\060\004\075\004\070\004\071\000\040\004\074\004\065\004\102\004\076\004\064\000\040\004\035\004\114\004\116\004\102\004\076\004\075\004\060}{subsection.4.2}% 30
\BOOKMARK [1][-]{section.5}{\376\377\004\037\004\100\004\076\004\061\004\073\004\065\004\074\004\060\000\040\004\062\004\073\004\060\004\101\004\075\004\070\004\105\000\040\004\067\004\075\004\060\004\107\004\065\004\075\004\114}{}% 31
\BOOKMARK [2][-]{subsection.5.1}{\376\377\004\041\004\102\004\065\004\077\004\065\004\075\004\065\004\062\004\070\004\071\000\040\004\074\004\065\004\102\004\076\004\064}{section.5}% 32
\BOOKMARK [2][-]{subsection.5.2}{\376\377\004\006\004\102\004\065\004\100\004\060\004\106\004\126\004\071\004\075\004\070\004\071\000\040\004\074\004\065\004\102\004\076\004\064\000\040\004\076\004\061\004\065\004\100\004\102\004\060\004\075\004\075\004\117}{section.5}% 33
